2025-03-14 16:44:37 Loading main app package /usr/lib/obsidian/obsidian.asar
2025-03-14 16:44:37 Checking for update using Github
2025-03-14 16:44:37 Success.
2025-03-14 16:44:37 Latest version is 1.8.9
2025-03-14 16:44:37 App is up to date.
2025-03-17 17:02:10 Loading main app package /usr/lib/obsidian/obsidian.asar
2025-03-17 17:02:10 Checking for update using Github
2025-03-17 17:02:10 Success.
2025-03-17 17:02:10 Latest version is 1.8.9
2025-03-17 17:02:10 App is up to date.
2025-03-17 18:02:10 Checking for update using Github
2025-03-17 18:02:10 Success.
2025-03-17 18:02:10 Latest version is 1.8.9
2025-03-17 18:02:10 App is up to date.
2025-03-17 19:02:10 Checking for update using Github
2025-03-17 19:02:10 Success.
2025-03-17 19:02:10 Latest version is 1.8.9
2025-03-17 19:02:10 App is up to date.
2025-03-18 06:33:58 Loading main app package /usr/lib/obsidian/obsidian.asar
2025-03-18 06:33:58 Checking for update using Github
2025-03-18 06:33:59 Success.
2025-03-18 06:33:59 Latest version is 1.8.9
2025-03-18 06:33:59 App is up to date.
2025-03-18 15:28:20 Loading main app package /usr/lib/obsidian/obsidian.asar
2025-03-18 15:28:20 Checking for update using Github
2025-03-18 15:28:20 Success.
2025-03-18 15:28:20 Latest version is 1.8.9
2025-03-18 15:28:20 App is up to date.
2025-03-18 19:24:24 Loading main app package /usr/lib/obsidian/obsidian.asar
2025-03-18 19:24:24 Checking for update using Github
2025-03-18 19:24:25 Success.
2025-03-18 19:24:25 Latest version is 1.8.9
2025-03-18 19:24:25 App is up to date.
2025-03-18 19:30:46 Loading main app package /usr/lib/obsidian/obsidian.asar
2025-03-18 19:30:46 Checking for update using Github
2025-03-18 19:30:48 Success.
2025-03-18 19:30:48 Latest version is 1.8.9
2025-03-18 19:30:48 App is up to date.
2025-03-21 13:28:10 Loading main app package /usr/lib/obsidian/obsidian.asar
2025-03-21 13:28:10 Checking for update using Github
2025-03-21 13:28:10 Success.
2025-03-21 13:28:10 Latest version is 1.8.9
2025-03-21 13:28:10 App is up to date.
2025-03-21 14:28:10 Checking for update using Github
2025-03-21 14:28:10 Success.
2025-03-21 14:28:10 Latest version is 1.8.9
2025-03-21 14:28:10 App is up to date.
2025-03-22 11:23:43 Loading main app package /usr/lib/obsidian/obsidian.asar
2025-03-22 11:23:43 Checking for update using Github
2025-03-22 11:23:43 Success.
2025-03-22 11:23:43 Latest version is 1.8.9
2025-03-22 11:23:43 App is up to date.
2025-03-22 11:34:23 Loading main app package /usr/lib/obsidian/obsidian.asar
2025-03-22 11:34:24 Checking for update using Github
2025-03-22 11:34:24 Success.
2025-03-22 11:34:24 Latest version is 1.8.9
2025-03-22 11:34:24 App is up to date.
2025-03-22 12:34:23 Checking for update using Github
2025-03-22 12:34:24 Success.
2025-03-22 12:34:24 Latest version is 1.8.9
2025-03-22 12:34:24 App is up to date.
2025-03-22 13:41:41 Checking for update using Github
2025-03-22 13:41:41 Success.
2025-03-22 13:41:41 Latest version is 1.8.9
2025-03-22 13:41:41 App is up to date.
2025-03-22 15:23:52 Loading main app package /usr/lib/obsidian/obsidian.asar
2025-03-22 15:23:52 Checking for update using Github
2025-03-22 15:23:53 Success.
2025-03-22 15:23:53 Latest version is 1.8.9
2025-03-22 15:23:53 App is up to date.
2025-03-22 16:03:28 Loading main app package /usr/lib/obsidian/obsidian.asar
2025-03-22 16:03:28 Checking for update using Github
2025-03-22 16:03:39 Loading main app package /usr/lib/obsidian/obsidian.asar
2025-03-22 16:03:39 Checking for update using Github
2025-03-22 16:04:17 Loading main app package /usr/lib/obsidian/obsidian.asar
2025-03-22 16:04:17 Checking for update using Github
2025-03-22 16:07:25 Loading main app package /usr/lib/obsidian/obsidian.asar
2025-03-22 16:07:25 Checking for update using Github
2025-03-22 16:07:35 Loading main app package /usr/lib/obsidian/obsidian.asar
2025-03-22 16:07:35 Checking for update using Github
2025-03-22 16:07:40 Loading main app package /usr/lib/obsidian/obsidian.asar
2025-03-22 16:07:40 Checking for update using Github
2025-03-22 16:08:05 Loading main app package /usr/lib/obsidian/obsidian.asar
2025-03-22 16:08:05 Checking for update using Github
2025-03-22 16:23:52 Checking for update using Github
2025-03-22 16:23:52 Success.
2025-03-22 16:23:52 Latest version is 1.8.9
2025-03-22 16:23:52 App is up to date.
2025-03-22 18:09:24 Checking for update using Github
2025-03-22 18:09:25 Failed to check for update using Github (net::ERR_CERT_COMMON_NAME_INVALID)
2025-03-22 18:09:25 Checking for update using obsidian.md
2025-03-22 18:09:25 Failed to check for update using obsidian.md (net::ERR_CERT_COMMON_NAME_INVALID)
2025-03-22 19:09:25 Checking for update using Github
2025-03-22 19:09:30 Failed to check for update using Github (net::ERR_NAME_NOT_RESOLVED)
2025-03-22 19:09:30 Checking for update using obsidian.md
2025-03-22 19:09:40 Failed to check for update using obsidian.md (net::ERR_NAME_NOT_RESOLVED)
2025-04-17 17:31:01 Loading main app package /usr/lib/obsidian/obsidian.asar
2025-04-17 17:31:01 Checking for update using Github
2025-04-17 17:31:02 Success.
2025-04-17 17:31:02 Latest version is 1.8.9
2025-04-17 17:31:02 App is up to date.
2025-04-18 13:58:39 Loading main app package /usr/lib/obsidian/obsidian.asar
2025-04-18 13:58:40 Checking for update using Github
2025-04-18 13:58:40 Success.
2025-04-18 13:58:40 Latest version is 1.8.9
2025-04-18 13:58:40 App is up to date.
2025-04-18 15:20:54 Checking for update using Github
2025-04-18 15:20:54 Success.
2025-04-18 15:20:54 Latest version is 1.8.9
2025-04-18 15:20:54 App is up to date.
2025-04-18 16:30:01 Checking for update using Github
2025-04-18 16:30:02 Success.
2025-04-18 16:30:02 Latest version is 1.8.9
2025-04-18 16:30:02 App is up to date.
2025-04-18 16:38:58 Loading main app package /usr/lib/obsidian/obsidian.asar
2025-04-18 16:38:59 Checking for update using Github
2025-04-18 16:38:59 Success.
2025-04-18 16:38:59 Latest version is 1.8.9
2025-04-18 16:38:59 App is up to date.
2025-04-18 16:42:06 Loading main app package /usr/lib/obsidian/obsidian.asar
2025-04-18 16:42:06 Checking for update using Github
2025-04-18 16:42:06 Success.
2025-04-18 16:42:06 Latest version is 1.8.9
2025-04-18 16:42:06 App is up to date.
2025-04-18 17:28:03 Loading main app package /usr/lib/obsidian/obsidian.asar
2025-04-18 17:28:03 Checking for update using Github
2025-04-18 17:28:04 Success.
2025-04-18 17:28:04 Latest version is 1.8.9
2025-04-18 17:28:04 App is up to date.
2025-04-18 18:28:03 Checking for update using Github
2025-04-18 18:28:03 Success.
2025-04-18 18:28:03 Latest version is 1.8.9
2025-04-18 18:28:03 App is up to date.
2025-04-18 19:10:39 Loading main app package /usr/lib/obsidian/obsidian.asar
2025-04-18 19:10:39 Checking for update using Github
2025-04-18 19:10:40 Success.
2025-04-18 19:10:40 Latest version is 1.8.9
2025-04-18 19:10:40 App is up to date.
2025-04-18 19:16:36 Loading main app package /usr/lib/obsidian/obsidian.asar
2025-04-18 19:16:36 Checking for update using Github
2025-04-18 19:16:37 Success.
2025-04-18 19:16:37 Latest version is 1.8.9
2025-04-18 19:16:37 App is up to date.
2025-04-18 19:33:56 Loading main app package /usr/lib/obsidian/obsidian.asar
2025-04-18 19:33:57 Checking for update using Github
2025-04-18 19:33:57 Success.
2025-04-18 19:33:57 Latest version is 1.8.9
2025-04-18 19:33:57 App is up to date.
2025-04-18 19:37:26 Loading main app package /usr/lib/obsidian/obsidian.asar
2025-04-18 19:37:26 Checking for update using Github
2025-04-18 19:37:26 Success.
2025-04-18 19:37:26 Latest version is 1.8.9
2025-04-18 19:37:26 App is up to date.
2025-04-18 20:02:33 Loading main app package /usr/lib/obsidian/obsidian.asar
2025-04-18 20:02:34 Checking for update using Github
2025-04-18 20:02:34 Success.
2025-04-18 20:02:34 Latest version is 1.8.9
2025-04-18 20:02:34 App is up to date.
2025-04-19 04:48:20 Loading main app package /usr/lib/obsidian/obsidian.asar
2025-04-19 04:48:20 Checking for update using Github
2025-04-19 04:48:20 Success.
2025-04-19 04:48:20 Latest version is 1.8.9
2025-04-19 04:48:20 App is up to date.
2025-04-19 11:12:28 Loading main app package /usr/lib/obsidian/obsidian.asar
2025-04-19 11:12:29 Checking for update using Github
2025-04-19 11:12:29 Success.
2025-04-19 11:12:29 Latest version is 1.8.9
2025-04-19 11:12:29 App is up to date.
2025-04-22 05:49:12 Loading main app package /usr/lib/obsidian/obsidian.asar
2025-04-22 05:49:12 Checking for update using Github
2025-04-22 05:49:12 Success.
2025-04-22 05:49:12 Latest version is 1.8.9
2025-04-22 05:49:12 App is up to date.
2025-05-01 18:38:08 Loading main app package /usr/lib/obsidian/obsidian.asar
2025-05-01 18:38:09 Checking for update using Github
2025-05-01 18:38:09 Success.
2025-05-01 18:38:09 Latest version is 1.8.10
2025-05-01 18:38:09 App is up to date.
2025-05-01 19:38:08 Checking for update using Github
2025-05-01 19:38:12 Success.
2025-05-01 19:38:12 Latest version is 1.8.10
2025-05-01 19:38:12 App is up to date.
2025-05-02 01:37:46 Loading main app package /usr/lib/obsidian/obsidian.asar
2025-05-02 01:37:46 Checking for update using Github
2025-05-02 01:37:47 Success.
2025-05-02 01:37:47 Latest version is 1.8.10
2025-05-02 01:37:47 App is up to date.
2025-05-02 02:37:46 Checking for update using Github
2025-05-02 02:37:46 Success.
2025-05-02 02:37:46 Latest version is 1.8.10
2025-05-02 02:37:46 App is up to date.
